-------------------------------------------------------------------------------
Test set: com.cisco.coe.ArithmaticOperations.ArithematicOperationsTest
-------------------------------------------------------------------------------
Tests run: 7, Failures: 2, Errors: 0, Skipped: 0, Time elapsed: 0.031 sec <<< FAILURE!
testDivision(com.cisco.coe.ArithmaticOperations.ArithematicOperationsTest)  Time elapsed: 0 sec  <<< FAILURE!
junit.framework.AssertionFailedError: expected:<0> but was:<1>
	at junit.framework.Assert.fail(Assert.java:47)
	at junit.framework.Assert.failNotEquals(Assert.java:282)
	at junit.framework.Assert.assertEquals(Assert.java:64)
	at junit.framework.Assert.assertEquals(Assert.java:201)
	at junit.framework.Assert.assertEquals(Assert.java:207)
	at com.cisco.coe.ArithmaticOperations.ArithematicOperationsTest.testDivision(ArithematicOperationsTest.java:92)

testMultiplication(com.cisco.coe.ArithmaticOperations.ArithematicOperationsTest)  Time elapsed: 0 sec  <<< FAILURE!
junit.framework.AssertionFailedError: expected:<8> but was:<15>
	at junit.framework.Assert.fail(Assert.java:47)
	at junit.framework.Assert.failNotEquals(Assert.java:282)
	at junit.framework.Assert.assertEquals(Assert.java:64)
	at junit.framework.Assert.assertEquals(Assert.java:201)
	at junit.framework.Assert.assertEquals(Assert.java:207)
	at com.cisco.coe.ArithmaticOperations.ArithematicOperationsTest.testMultiplication(ArithematicOperationsTest.java:67)

